Unity Editor version:    2020.3.19f1 (68f137dc9bbe)
Branch:                  2020.3/staging
Build type:              Release
Batch mode:              YES
macOS version:           Version 11.4 (Build 20F71)
Darwin version:          20.5.0
Architecture:            x86_64
Running under Rosetta:   NO
Available memory:        8192 MB
Using pre-set license
Pro License: NO

COMMAND LINE ARGUMENTS:
/Applications/Unity/Hub/Editor/2020.3.19f1/Unity.app/Contents/MacOS/Unity
-adb2
-batchMode
-noUpm
-name
AssetImportWorker0
-projectPath
/Users/michaeljohnscerri/Car Game
-logFile
Logs/AssetImportWorker0.log
-srvPort
52750
Successfully changed project path to: /Users/michaeljohnscerri/Car Game
/Users/michaeljohnscerri/Car Game
Using Asset Import Pipeline V2.
Refreshing native plugins compatible for Editor in 42.57 ms, found 3 plugins.
Preloading 0 native plugins for Editor in 0.00 ms.
Initialize engine version: 2020.3.19f1 (68f137dc9bbe)
[Subsystems] Discovering subsystems at path /Applications/Unity/Hub/Editor/2020.3.19f1/Unity.app/Contents/Resources/UnitySubsystems
[Subsystems] Discovering subsystems at path /Users/michaeljohnscerri/Car Game/Assets
GfxDevice: creating device client; threaded=0
2021-12-17 08:46:45.905 Unity[4065:236540] Color LCD preferred device: Intel(R) Iris(TM) Plus Graphics 645 (low power)
2021-12-17 08:46:45.905 Unity[4065:236540] Metal devices available: 1
2021-12-17 08:46:45.905 Unity[4065:236540] 0: Intel(R) Iris(TM) Plus Graphics 645 (low power)
2021-12-17 08:46:45.905 Unity[4065:236540] Using device Intel(R) Iris(TM) Plus Graphics 645 (low power)
Initializing Metal device caps: Intel(R) Iris(TM) Plus Graphics 645
Initialize mono
Mono path[0] = '/Applications/Unity/Hub/Editor/2020.3.19f1/Unity.app/Contents/Managed'
Mono path[1] = '/Applications/Unity/Hub/Editor/2020.3.19f1/Unity.app/Contents/MonoBleedingEdge/lib/mono/unityjit'
Mono config path = '/Applications/Unity/Hub/Editor/2020.3.19f1/Unity.app/Contents/MonoBleedingEdge/etc'
Using monoOptions --debugger-agent=transport=dt_socket,embedding=1,server=y,suspend=n,address=127.0.0.1:56065
Begin MonoManager ReloadAssembly
Registering precompiled unity dll's ...
Register platform support module: /Applications/Unity/Hub/Editor/2020.3.19f1/Unity.app/Contents/PlaybackEngines/MacStandaloneSupport/UnityEditor.OSXStandalone.Extensions.dll
Registered in 0.000565 seconds.
Native extension for OSXStandalone target not found
Refreshing native plugins compatible for Editor in 43.86 ms, found 3 plugins.
Preloading 0 native plugins for Editor in 0.00 ms.
Mono: successfully reloaded assembly
- Completed reload, in  2.086 seconds
Domain Reload Profiling:
	ReloadAssembly (2086ms)
		BeginReloadAssembly (51ms)
			ExecutionOrderSort (0ms)
			DisableScriptedObjects (0ms)
			BackupInstance (0ms)
			ReleaseScriptingObjects (0ms)
			CreateAndSetChildDomain (1ms)
		EndReloadAssembly (523ms)
			LoadAssemblies (50ms)
			RebuildTransferFunctionScriptingTraits (0ms)
			SetupTypeCache (206ms)
			ReleaseScriptCaches (0ms)
			RebuildScriptCaches (44ms)
			SetupLoadedEditorAssemblies (213ms)
				LogAssemblyErrors (0ms)
				InitializePlatformSupportModulesInManaged (4ms)
				SetLoadedEditorAssemblies (0ms)
				RefreshPlugins (44ms)
				BeforeProcessingInitializeOnLoad (11ms)
				ProcessInitializeOnLoadAttributes (118ms)
				ProcessInitializeOnLoadMethodAttributes (35ms)
				AfterProcessingInitializeOnLoad (0ms)
				EditorAssembliesLoaded (0ms)
			ExecutionOrderSort2 (0ms)
			AwakeInstancesAfterBackupRestoration (0ms)
Platform modules already initialized, skipping
Registering precompiled user dll's ...
Registered in 0.001292 seconds.
Begin MonoManager ReloadAssembly
Native extension for OSXStandalone target not found
Refreshing native plugins compatible for Editor in 43.04 ms, found 3 plugins.
Preloading 0 native plugins for Editor in 0.00 ms.
Mono: successfully reloaded assembly
- Completed reload, in  1.435 seconds
Domain Reload Profiling:
	ReloadAssembly (1437ms)
		BeginReloadAssembly (194ms)
			ExecutionOrderSort (0ms)
			DisableScriptedObjects (6ms)
			BackupInstance (0ms)
			ReleaseScriptingObjects (0ms)
			CreateAndSetChildDomain (41ms)
		EndReloadAssembly (1167ms)
			LoadAssemblies (126ms)
			RebuildTransferFunctionScriptingTraits (0ms)
			SetupTypeCache (407ms)
			ReleaseScriptCaches (1ms)
			RebuildScriptCaches (68ms)
			SetupLoadedEditorAssemblies (420ms)
				LogAssemblyErrors (0ms)
				InitializePlatformSupportModulesInManaged (4ms)
				SetLoadedEditorAssemblies (0ms)
				RefreshPlugins (43ms)
				BeforeProcessingInitializeOnLoad (80ms)
				ProcessInitializeOnLoadAttributes (275ms)
				ProcessInitializeOnLoadMethodAttributes (16ms)
				AfterProcessingInitializeOnLoad (1ms)
				EditorAssembliesLoaded (0ms)
			ExecutionOrderSort2 (0ms)
			AwakeInstancesAfterBackupRestoration (8ms)
Platform modules already initialized, skipping
Validating Project structure ... 0.001211 seconds.
Shader import version has changed; will reimport all shaders...
Upgrading shader files ...0.000957 seconds.
Application.AssetDatabase Initial Script Refresh Start
RefreshInfo: InitialScriptRefreshV2(NoUpdateAssetOptions) scanfilter:  ... 1 filters
RefreshProfiler: Total: 0.000ms
Application.AssetDatabase Initial Script Refresh End
Application.AssetDatabase.Refresh Start
Application.AssetDatabase.Refresh End
RefreshInfo: StopAssetImportingV2(ForceSynchronousImport) scanfilter: 
RefreshProfiler: Total: 0.000ms
Launching external process: /Applications/Unity/Hub/Editor/2020.3.19f1/Unity.app/Contents/Tools/UnityShaderCompiler
Launched and connected shader compiler UnityShaderCompiler after 0.02 seconds
Initializing Unity extensions:
========================================================================
Worker process is ready to serve import requests
Refreshing native plugins compatible for Editor in 0.39 ms, found 3 plugins.
Preloading 0 native plugins for Editor in 0.00 ms.
Unloading 2097 Unused Serialized files (Serialized files now loaded: 0)
System memory in use before: 195.1 MB.
System memory in use after: 194.2 MB.

Unloading 103 unused Assets to reduce memory usage. Loaded Objects now: 2576.
Total: 3.872814 ms (FindLiveObjects: 0.209655 ms CreateObjectMapping: 0.080739 ms MarkObjects: 3.070179 ms  DeleteObjects: 0.511035 ms)

AssetImportParameters requested are different than current active one (requested -> active):
  custom:video-decoder-ogg-theora: a1e56fd34408186e4bbccfd4996cb3dc -> 
  custom:container-muxer-webm: aa71ff27fc2769a1b78a27578f13a17b -> 
  custom:container-demuxer-webm: 4f35f7cbe854078d1ac9338744f61a02 -> 
  custom:container-demuxer-ogg: 62fdf1f143b41e24485cea50d1cbac27 -> 
  custom:video-encoder-webm-vp8: eb34c28f22e8b96e1ab97ce403110664 -> 
  custom:framework-osx-AVFoundation: e770b220cccbd017edd2c1fefb359320 -> 
  custom:video-decoder-webm-vp8: 9c59270c3fd7afecdb556c50c9e8de78 -> 
  custom:audio-decoder-ogg-vorbis: bf7c407c2cedff20999df2af8eb42d56 -> 
  custom:audio-encoder-webm-vorbis: bf7c407c2cedff20999df2af8eb42d56 -> 
========================================================================
Received Import Request.
  path: Assets/Wave01.asset
  artifactKey: Guid(269c5d9c3bdca4550a9aee55b75bb590) Importer(815301076,1909f56bfc062723c751e8b465ee728b)
Start importing Assets/Wave01.asset using Guid(269c5d9c3bdca4550a9aee55b75bb590) Importer(815301076,1909f56bfc062723c751e8b465ee728b)  -> (artifact id: '4c9175de41f8a14ec42393884f244b83') in 1.264517 seconds 
  Import took 1.268705 seconds .

========================================================================
Received Import Request.
  Time since last request: 0.002591 seconds.
  path: Assets/Wave02.asset
  artifactKey: Guid(6f6904ef6ebc144afb2afc0382e60f39) Importer(815301076,1909f56bfc062723c751e8b465ee728b)
Start importing Assets/Wave02.asset using Guid(6f6904ef6ebc144afb2afc0382e60f39) Importer(815301076,1909f56bfc062723c751e8b465ee728b)  -> (artifact id: '2268f5df6ce1b7b2d6282e594101e6a7') in 0.006084 seconds 
  Import took 0.010722 seconds .

========================================================================
Received Prepare
Refreshing native plugins compatible for Editor in 3.50 ms, found 3 plugins.
Preloading 0 native plugins for Editor in 0.00 ms.
Unloading 12 Unused Serialized files (Serialized files now loaded: 0)
System memory in use before: 156.3 MB.
System memory in use after: 156.4 MB.

Unloading 12 unused Assets to reduce memory usage. Loaded Objects now: 2576.
Total: 3.609415 ms (FindLiveObjects: 0.217892 ms CreateObjectMapping: 0.077481 ms MarkObjects: 3.298668 ms  DeleteObjects: 0.014692 ms)

AssetImportParameters requested are different than current active one (requested -> active):
  custom:video-decoder-ogg-theora: a1e56fd34408186e4bbccfd4996cb3dc -> 
  custom:container-muxer-webm: aa71ff27fc2769a1b78a27578f13a17b -> 
  custom:container-demuxer-webm: 4f35f7cbe854078d1ac9338744f61a02 -> 
  custom:container-demuxer-ogg: 62fdf1f143b41e24485cea50d1cbac27 -> 
  custom:video-encoder-webm-vp8: eb34c28f22e8b96e1ab97ce403110664 -> 
  custom:framework-osx-AVFoundation: e770b220cccbd017edd2c1fefb359320 -> 
  custom:video-decoder-webm-vp8: 9c59270c3fd7afecdb556c50c9e8de78 -> 
  custom:audio-decoder-ogg-vorbis: bf7c407c2cedff20999df2af8eb42d56 -> 
  custom:audio-encoder-webm-vorbis: bf7c407c2cedff20999df2af8eb42d56 -> 
========================================================================
Received Prepare
Registering precompiled user dll's ...
Registered in 0.005810 seconds.
Begin MonoManager ReloadAssembly
Native extension for OSXStandalone target not found
Refreshing native plugins compatible for Editor in 0.50 ms, found 3 plugins.
Preloading 0 native plugins for Editor in 0.00 ms.
Mono: successfully reloaded assembly
- Completed reload, in  1.392 seconds
Domain Reload Profiling:
	ReloadAssembly (1393ms)
		BeginReloadAssembly (173ms)
			ExecutionOrderSort (0ms)
			DisableScriptedObjects (8ms)
			BackupInstance (0ms)
			ReleaseScriptingObjects (0ms)
			CreateAndSetChildDomain (83ms)
		EndReloadAssembly (1140ms)
			LoadAssemblies (130ms)
			RebuildTransferFunctionScriptingTraits (0ms)
			SetupTypeCache (407ms)
			ReleaseScriptCaches (1ms)
			RebuildScriptCaches (65ms)
			SetupLoadedEditorAssemblies (392ms)
				LogAssemblyErrors (0ms)
				InitializePlatformSupportModulesInManaged (6ms)
				SetLoadedEditorAssemblies (1ms)
				RefreshPlugins (1ms)
				BeforeProcessingInitializeOnLoad (129ms)
				ProcessInitializeOnLoadAttributes (248ms)
				ProcessInitializeOnLoadMethodAttributes (7ms)
				AfterProcessingInitializeOnLoad (1ms)
				EditorAssembliesLoaded (0ms)
			ExecutionOrderSort2 (0ms)
			AwakeInstancesAfterBackupRestoration (13ms)
Platform modules already initialized, skipping
Refreshing native plugins compatible for Editor in 0.60 ms, found 3 plugins.
Preloading 0 native plugins for Editor in 0.00 ms.
Unloading 2086 Unused Serialized files (Serialized files now loaded: 0)
System memory in use before: 196.8 MB.
System memory in use after: 196.9 MB.

Unloading 15 unused Assets to reduce memory usage. Loaded Objects now: 2580.
Total: 3.799306 ms (FindLiveObjects: 0.259443 ms CreateObjectMapping: 0.101586 ms MarkObjects: 3.386480 ms  DeleteObjects: 0.050674 ms)

AssetImportParameters requested are different than current active one (requested -> active):
  custom:video-decoder-ogg-theora: a1e56fd34408186e4bbccfd4996cb3dc -> 
  custom:container-muxer-webm: aa71ff27fc2769a1b78a27578f13a17b -> 
  custom:container-demuxer-webm: 4f35f7cbe854078d1ac9338744f61a02 -> 
  custom:container-demuxer-ogg: 62fdf1f143b41e24485cea50d1cbac27 -> 
  custom:video-encoder-webm-vp8: eb34c28f22e8b96e1ab97ce403110664 -> 
  custom:framework-osx-AVFoundation: e770b220cccbd017edd2c1fefb359320 -> 
  custom:video-decoder-webm-vp8: 9c59270c3fd7afecdb556c50c9e8de78 -> 
  custom:audio-decoder-ogg-vorbis: bf7c407c2cedff20999df2af8eb42d56 -> 
  custom:audio-encoder-webm-vorbis: bf7c407c2cedff20999df2af8eb42d56 -> 
========================================================================
Received Import Request.
  Time since last request: 308.383395 seconds.
  path: Assets/Wave03.asset
  artifactKey: Guid(f57f5d2d28dad492493e2c16dbd463fe) Importer(815301076,1909f56bfc062723c751e8b465ee728b)
Start importing Assets/Wave03.asset using Guid(f57f5d2d28dad492493e2c16dbd463fe) Importer(815301076,1909f56bfc062723c751e8b465ee728b)  -> (artifact id: '4828f390d4a7a1a9bbbbea0885ca3fe6') in 0.017075 seconds 
  Import took 0.020438 seconds .

========================================================================
Received Import Request.
  Time since last request: 4.337665 seconds.
  path: Assets/Wave04.asset
  artifactKey: Guid(0859a96b4c215483e830ac15d696031a) Importer(815301076,1909f56bfc062723c751e8b465ee728b)
Start importing Assets/Wave04.asset using Guid(0859a96b4c215483e830ac15d696031a) Importer(815301076,1909f56bfc062723c751e8b465ee728b)  -> (artifact id: '337db93f4cc3ecb8c128c51fd0ffcfec') in 0.005827 seconds 
  Import took 0.009768 seconds .

========================================================================
Received Import Request.
  Time since last request: 12.545384 seconds.
  path: Assets/Wave05.asset
  artifactKey: Guid(f86feca40add84e73a219df372037e03) Importer(815301076,1909f56bfc062723c751e8b465ee728b)
Start importing Assets/Wave05.asset using Guid(f86feca40add84e73a219df372037e03) Importer(815301076,1909f56bfc062723c751e8b465ee728b)  -> (artifact id: 'bf520cda6fd5fbb1ae442731c9994ad8') in 0.006038 seconds 
  Import took 0.010400 seconds .

========================================================================
Received Import Request.
  Time since last request: 5.002830 seconds.
  path: Assets/Prefabs/Enemies/shipBlue_manned.prefab
  artifactKey: Guid(113bca0536d6b44b28ff6d62ebff1824) Importer(815301076,1909f56bfc062723c751e8b465ee728b)
Start importing Assets/Prefabs/Enemies/shipBlue_manned.prefab using Guid(113bca0536d6b44b28ff6d62ebff1824) Importer(815301076,1909f56bfc062723c751e8b465ee728b)  -> (artifact id: '622ca19bf071e6ecc6d400db4512de2c') in 0.414714 seconds 
  Import took 0.419314 seconds .

========================================================================
Received Import Request.
  Time since last request: 0.003225 seconds.
  path: Assets/Prefabs/Enemies/shipPink_manned.prefab
  artifactKey: Guid(74848b92f7ecb45738f3b8b1d74c828a) Importer(815301076,1909f56bfc062723c751e8b465ee728b)
Start importing Assets/Prefabs/Enemies/shipPink_manned.prefab using Guid(74848b92f7ecb45738f3b8b1d74c828a) Importer(815301076,1909f56bfc062723c751e8b465ee728b)  -> (artifact id: 'c5c5c6b7b9b394b56a49c05a7a637d36') in 0.011588 seconds 
  Import took 0.015107 seconds .

